<?xml version="1.0" encoding="UTF-8"?>
<testsuite xmlns:xsi="http://www.w3.org/2001/XMLSchema-instance" xsi:noNamespaceSchemaLocation="https://maven.apache.org/surefire/maven-surefire-plugin/xsd/surefire-test-report.xsd" name="io.cagatay.MathUtilsTest" time="0.057" tests="3" errors="0" skipped="0" failures="0">
  <properties>
    <property name="sun.desktop" value="windows"/>
    <property name="awt.toolkit" value="sun.awt.windows.WToolkit"/>
    <property name="file.encoding.pkg" value="sun.io"/>
    <property name="java.specification.version" value="1.8"/>
    <property name="sun.cpu.isalist" value="amd64"/>
    <property name="sun.jnu.encoding" value="Cp1254"/>
    <property name="java.class.path" value="C:\Users\Cagatay\Documents\Eclipse-workspace\junit-5-basics\target\test-classes;C:\Users\Cagatay\Documents\Eclipse-workspace\junit-5-basics\target\classes;C:\Users\Cagatay\.m2\repository\org\junit\jupiter\junit-jupiter-engine\5.4.0\junit-jupiter-engine-5.4.0.jar;C:\Users\Cagatay\.m2\repository\org\apiguardian\apiguardian-api\1.0.0\apiguardian-api-1.0.0.jar;C:\Users\Cagatay\.m2\repository\org\junit\platform\junit-platform-engine\1.4.0\junit-platform-engine-1.4.0.jar;C:\Users\Cagatay\.m2\repository\org\junit\jupiter\junit-jupiter-api\5.4.0\junit-jupiter-api-5.4.0.jar;C:\Users\Cagatay\.m2\repository\org\opentest4j\opentest4j\1.1.1\opentest4j-1.1.1.jar;C:\Users\Cagatay\.m2\repository\org\junit\platform\junit-platform-commons\1.5.2\junit-platform-commons-1.5.2.jar;"/>
    <property name="java.vm.vendor" value="Oracle Corporation"/>
    <property name="sun.arch.data.model" value="64"/>
    <property name="user.variant" value=""/>
    <property name="java.vendor.url" value="https://adoptopenjdk.net/"/>
    <property name="user.timezone" value="Asia/Istanbul"/>
    <property name="java.vm.specification.version" value="1.8"/>
    <property name="os.name" value="Windows 8.1"/>
    <property name="user.country" value="TR"/>
    <property name="sun.java.launcher" value="SUN_STANDARD"/>
    <property name="sun.boot.library.path" value="C:\Program Files\AdoptOpenJDK\jdk8u202-b08\jre\bin"/>
    <property name="sun.java.command" value="C:\Users\Cagatay\AppData\Local\Temp\surefire1174231331245067025\surefirebooter151247498398657901.jar C:\Users\Cagatay\AppData\Local\Temp\surefire1174231331245067025 2020-07-12T15-19-46_443-jvmRun1 surefire7843687272721504088tmp surefire_09018752350320997626tmp"/>
    <property name="surefire.test.class.path" value="C:\Users\Cagatay\Documents\Eclipse-workspace\junit-5-basics\target\test-classes;C:\Users\Cagatay\Documents\Eclipse-workspace\junit-5-basics\target\classes;C:\Users\Cagatay\.m2\repository\org\junit\jupiter\junit-jupiter-engine\5.4.0\junit-jupiter-engine-5.4.0.jar;C:\Users\Cagatay\.m2\repository\org\apiguardian\apiguardian-api\1.0.0\apiguardian-api-1.0.0.jar;C:\Users\Cagatay\.m2\repository\org\junit\platform\junit-platform-engine\1.4.0\junit-platform-engine-1.4.0.jar;C:\Users\Cagatay\.m2\repository\org\junit\jupiter\junit-jupiter-api\5.4.0\junit-jupiter-api-5.4.0.jar;C:\Users\Cagatay\.m2\repository\org\opentest4j\opentest4j\1.1.1\opentest4j-1.1.1.jar;C:\Users\Cagatay\.m2\repository\org\junit\platform\junit-platform-commons\1.5.2\junit-platform-commons-1.5.2.jar;"/>
    <property name="sun.cpu.endian" value="little"/>
    <property name="user.home" value="C:\Users\Cagatay"/>
    <property name="user.language" value="tr"/>
    <property name="java.specification.vendor" value="Oracle Corporation"/>
    <property name="java.home" value="C:\Program Files\AdoptOpenJDK\jdk8u202-b08\jre"/>
    <property name="basedir" value="C:\Users\Cagatay\Documents\Eclipse-workspace\junit-5-basics"/>
    <property name="file.separator" value="\"/>
    <property name="line.separator" value="&#10;"/>
    <property name="java.vm.specification.vendor" value="Oracle Corporation"/>
    <property name="java.specification.name" value="Java Platform API Specification"/>
    <property name="java.awt.graphicsenv" value="sun.awt.Win32GraphicsEnvironment"/>
    <property name="surefire.real.class.path" value="C:\Users\Cagatay\AppData\Local\Temp\surefire1174231331245067025\surefirebooter151247498398657901.jar"/>
    <property name="sun.boot.class.path" value="C:\Program Files\AdoptOpenJDK\jdk8u202-b08\jre\lib\resources.jar;C:\Program Files\AdoptOpenJDK\jdk8u202-b08\jre\lib\rt.jar;C:\Program Files\AdoptOpenJDK\jdk8u202-b08\jre\lib\sunrsasign.jar;C:\Program Files\AdoptOpenJDK\jdk8u202-b08\jre\lib\jsse.jar;C:\Program Files\AdoptOpenJDK\jdk8u202-b08\jre\lib\jce.jar;C:\Program Files\AdoptOpenJDK\jdk8u202-b08\jre\lib\charsets.jar;C:\Program Files\AdoptOpenJDK\jdk8u202-b08\jre\lib\jfr.jar;C:\Program Files\AdoptOpenJDK\jdk8u202-b08\jre\classes"/>
    <property name="user.script" value=""/>
    <property name="sun.management.compiler" value="HotSpot 64-Bit Tiered Compilers"/>
    <property name="java.runtime.version" value="1.8.0_202-b08"/>
    <property name="user.name" value="Çağatay"/>
    <property name="path.separator" value=";"/>
    <property name="os.version" value="6.3"/>
    <property name="java.endorsed.dirs" value="C:\Program Files\AdoptOpenJDK\jdk8u202-b08\jre\lib\endorsed"/>
    <property name="java.runtime.name" value="OpenJDK Runtime Environment"/>
    <property name="file.encoding" value="Cp1254"/>
    <property name="java.vm.name" value="OpenJDK 64-Bit Server VM"/>
    <property name="localRepository" value="C:\Users\Cagatay\.m2\repository"/>
    <property name="java.vendor.url.bug" value="https://github.com/AdoptOpenJDK/openjdk-build/issues"/>
    <property name="java.io.tmpdir" value="C:\Users\Cagatay\AppData\Local\Temp\"/>
    <property name="java.version" value="1.8.0_202"/>
    <property name="user.dir" value="C:\Users\Cagatay\Documents\Eclipse-workspace\junit-5-basics"/>
    <property name="os.arch" value="amd64"/>
    <property name="java.vm.specification.name" value="Java Virtual Machine Specification"/>
    <property name="java.awt.printerjob" value="sun.awt.windows.WPrinterJob"/>
    <property name="sun.os.patch.level" value=""/>
    <property name="java.library.path" value="C:\Program Files\AdoptOpenJDK\jdk8u202-b08\jre\bin;C:\Windows\Sun\Java\bin;C:\Windows\system32;C:\Windows;C:/Program Files/AdoptOpenJDK/jdk8u202-b08/bin/../jre/bin/server;C:/Program Files/AdoptOpenJDK/jdk8u202-b08/bin/../jre/bin;C:/Program Files/AdoptOpenJDK/jdk8u202-b08/bin/../jre/lib/amd64;C:\Program Files\AdoptOpenJDK\jdk8u202-b08\bin;C:\ProgramData\Oracle\Java\javapath;C:\Windows\system32;C:\Windows;C:\Windows\System32\Wbem;C:\Windows\System32\WindowsPowerShell\v1.0\;C:\Program Files (x86)\NVIDIA Corporation\PhysX\Common;C:\Program Files\Common Files\Autodesk Shared\;C:\Program Files (x86)\Autodesk\Backburner\;C:\Program Files (x86)\Brackets\command;C:\Program Files (x86)\GtkSharp\2.12\bin;C:\Program Files\MATLAB\R2019a\bin;C:\Program Files\nodejs\;C:\Users\Çağatay\AppData\Roaming\npm;C:\Users\Cagatay\AppData\Local\GitHubDesktop\bin;C:\Users\Cagatay\Desktop;;."/>
    <property name="java.vm.info" value="mixed mode"/>
    <property name="java.vendor" value="AdoptOpenJdk"/>
    <property name="java.vm.version" value="25.202-b08"/>
    <property name="java.ext.dirs" value="C:\Program Files\AdoptOpenJDK\jdk8u202-b08\jre\lib\ext;C:\Windows\Sun\Java\lib\ext"/>
    <property name="sun.io.unicode.encoding" value="UnicodeLittle"/>
    <property name="java.class.version" value="52.0"/>
  </properties>
  <testcase name="testComputeRadius" classname="io.cagatay.MathUtilsTest" time="0.003"/>
  <testcase name="testAdd" classname="io.cagatay.MathUtilsTest" time="0"/>
  <testcase name="testDivide" classname="io.cagatay.MathUtilsTest" time="0.005"/>
</testsuite>